<?xml version="1.0" encoding="UTF-8"?>
<testsuite name="RectangleTest" tests="1" skipped="0" failures="0" errors="0" timestamp="2024-05-30T06:04:43" hostname="gurushifu-gurushifugitp-iz6nqbuiqd5" time="0.012">
  <properties/>
  <testcase name="areaIfLengthIsFourAndBreadthIsFive()" classname="RectangleTest" time="0.012"/>
  <system-out><![CDATA[]]></system-out>
  <system-err><![CDATA[]]></system-err>
</testsuite>
